gaitLibDemoBeat/build/outputs/logs/manifest-merger-debug-report.txt
-- Merging decision tree log ---
manifest
ADDED from src/main/AndroidManifest.xml:1:1-26:12
	package
		ADDED from src/main/AndroidManifest.xml:2:5-48
		INJECTED from src/main/AndroidManifest.xml
		INJECTED from src/main/AndroidManifest.xml
	android:versionName
		ADDED from src/main/AndroidManifest.xml:4:5-30
	android:versionCode
		ADDED from src/main/AndroidManifest.xml:3:5-28
		INJECTED from src/main/AndroidManifest.xml
		INJECTED from src/main/AndroidManifest.xml
	xmlns:android
		ADDED from src/main/AndroidManifest.xml:1:11-69
uses-sdk
ADDED from src/main/AndroidManifest.xml:6:5-8:41
MERGED from [GaitLibDemoBeatGradle:gaitLib:unspecified] AndroidManifest.xml:7:5-9:41
MERGED from [com.android.support:support-v4:23.0.0] AndroidManifest.xml:20:5-43
	android:targetSdkVersion
		ADDED from src/main/AndroidManifest.xml:8:9-38
		INJECTED from src/main/AndroidManifest.xml
		INJECTED from src/main/AndroidManifest.xml
	android:minSdkVersion
		ADDED from src/main/AndroidManifest.xml:7:9-35
		INJECTED from src/main/AndroidManifest.xml
		INJECTED from src/main/AndroidManifest.xml
uses-permission#android.permission.WAKE_LOCK
ADDED from src/main/AndroidManifest.xml:9:5-67
	android:name
		ADDED from src/main/AndroidManifest.xml:9:22-65
uses-permission#android.permission.WRITE_EXTERNAL_STORAGE
ADDED from src/main/AndroidManifest.xml:10:5-80
	android:name
		ADDED from src/main/AndroidManifest.xml:10:22-78
application
ADDED from src/main/AndroidManifest.xml:12:5-24:19
MERGED from [GaitLibDemoBeatGradle:gaitLib:unspecified] AndroidManifest.xml:11:5-14:19
MERGED from [com.android.support:support-v4:23.0.0] AndroidManifest.xml:22:5-20
	android:label
		ADDED from src/main/AndroidManifest.xml:14:9-41
	android:allowBackup
		ADDED from src/main/AndroidManifest.xml:15:66-93
	android:icon
		ADDED from src/main/AndroidManifest.xml:13:9-45
	android:largeHeap
		ADDED from src/main/AndroidManifest.xml:15:41-65
	android:theme
		ADDED from src/main/AndroidManifest.xml:15:9-40
activity#org.spin.gaitlib.gaitlibdemo.beat.MainActivity
ADDED from src/main/AndroidManifest.xml:16:9-21:20
	android:name
		ADDED from src/main/AndroidManifest.xml:16:19-46
intent-filter#android.intent.action.MAIN+android.intent.category.LAUNCHER
ADDED from src/main/AndroidManifest.xml:17:13-20:29
action#android.intent.action.MAIN
ADDED from src/main/AndroidManifest.xml:18:17-68
	android:name
		ADDED from src/main/AndroidManifest.xml:18:25-66
category#android.intent.category.LAUNCHER
ADDED from src/main/AndroidManifest.xml:19:17-76
	android:name
		ADDED from src/main/AndroidManifest.xml:19:27-74
service#org.spin.gaitlib.gaitlibdemo.beat.GaitAnalysisService
ADDED from src/main/AndroidManifest.xml:22:9-63
	android:name
		ADDED from src/main/AndroidManifest.xml:22:18-52
service#org.spin.gaitlib.gaitlibdemo.beat.GaitSoundService
ADDED from src/main/AndroidManifest.xml:23:9-60
	android:name
		ADDED from src/main/AndroidManifest.xml:23:18-49